<?xml version="1.0" encoding="UTF-8"?>
<testsuite xmlns:xsi="http://www.w3.org/2001/XMLSchema-instance" xsi:noNamespaceSchemaLocation="https://maven.apache.org/surefire/maven-surefire-plugin/xsd/surefire-test-report.xsd" name="runners.PandoraRunner" time="174.968" tests="81" errors="0" skipped="0" failures="0">
  <properties>
    <property name="sun.desktop" value="windows"/>
    <property name="awt.toolkit" value="sun.awt.windows.WToolkit"/>
    <property name="file.encoding.pkg" value="sun.io"/>
    <property name="java.specification.version" value="1.8"/>
    <property name="sun.cpu.isalist" value="amd64"/>
    <property name="sun.jnu.encoding" value="Cp1252"/>
    <property name="java.class.path" value="C:\java_projects\Pandora_v1.1\target\test-classes;C:\java_projects\Pandora_v1.1\target\classes;C:\Users\Dimitris\.m2\repository\junit\junit\4.12\junit-4.12.jar;C:\Users\Dimitris\.m2\repository\org\hamcrest\hamcrest-core\1.3\hamcrest-core-1.3.jar;C:\Users\Dimitris\.m2\repository\org\seleniumhq\selenium\selenium-server\3.12.0\selenium-server-3.12.0.jar;C:\Users\Dimitris\.m2\repository\org\seleniumhq\selenium\selenium-java\3.12.0\selenium-java-3.12.0.jar;C:\Users\Dimitris\.m2\repository\org\seleniumhq\selenium\selenium-chrome-driver\3.12.0\selenium-chrome-driver-3.12.0.jar;C:\Users\Dimitris\.m2\repository\org\seleniumhq\selenium\selenium-edge-driver\3.12.0\selenium-edge-driver-3.12.0.jar;C:\Users\Dimitris\.m2\repository\org\seleniumhq\selenium\selenium-firefox-driver\3.12.0\selenium-firefox-driver-3.12.0.jar;C:\Users\Dimitris\.m2\repository\org\seleniumhq\selenium\selenium-ie-driver\3.12.0\selenium-ie-driver-3.12.0.jar;C:\Users\Dimitris\.m2\repository\org\seleniumhq\selenium\selenium-opera-driver\3.12.0\selenium-opera-driver-3.12.0.jar;C:\Users\Dimitris\.m2\repository\org\seleniumhq\selenium\selenium-remote-driver\3.12.0\selenium-remote-driver-3.12.0.jar;C:\Users\Dimitris\.m2\repository\org\seleniumhq\selenium\selenium-safari-driver\3.12.0\selenium-safari-driver-3.12.0.jar;C:\Users\Dimitris\.m2\repository\com\beust\jcommander\1.72\jcommander-1.72.jar;C:\Users\Dimitris\.m2\repository\net\bytebuddy\byte-buddy\1.8.3\byte-buddy-1.8.3.jar;C:\Users\Dimitris\.m2\repository\org\apache\commons\commons-exec\1.3\commons-exec-1.3.jar;C:\Users\Dimitris\.m2\repository\org\apache\commons\commons-lang3\3.7\commons-lang3-3.7.jar;C:\Users\Dimitris\.m2\repository\org\apache\commons\commons-text\1.1\commons-text-1.1.jar;C:\Users\Dimitris\.m2\repository\commons-codec\commons-codec\1.10\commons-codec-1.10.jar;C:\Users\Dimitris\.m2\repository\commons-io\commons-io\2.6\commons-io-2.6.jar;C:\Users\Dimitris\.m2\repository\commons-logging\commons-logging\1.2\commons-logging-1.2.jar;C:\Users\Dimitris\.m2\repository\commons-net\commons-net\3.6\commons-net-3.6.jar;C:\Users\Dimitris\.m2\repository\org\w3c\css\sac\1.3\sac-1.3.jar;C:\Users\Dimitris\.m2\repository\net\sourceforge\cssparser\cssparser\0.9.24\cssparser-0.9.24.jar;C:\Users\Dimitris\.m2\repository\com\google\code\gson\gson\2.8.2\gson-2.8.2.jar;C:\Users\Dimitris\.m2\repository\com\google\guava\guava\23.6-jre\guava-23.6-jre.jar;C:\Users\Dimitris\.m2\repository\com\google\code\findbugs\jsr305\1.3.9\jsr305-1.3.9.jar;C:\Users\Dimitris\.m2\repository\org\checkerframework\checker-compat-qual\2.0.0\checker-compat-qual-2.0.0.jar;C:\Users\Dimitris\.m2\repository\com\google\errorprone\error_prone_annotations\2.1.3\error_prone_annotations-2.1.3.jar;C:\Users\Dimitris\.m2\repository\com\google\j2objc\j2objc-annotations\1.1\j2objc-annotations-1.1.jar;C:\Users\Dimitris\.m2\repository\org\codehaus\mojo\animal-sniffer-annotations\1.14\animal-sniffer-annotations-1.14.jar;C:\Users\Dimitris\.m2\repository\net\sourceforge\htmlunit\htmlunit\2.29\htmlunit-2.29.jar;C:\Users\Dimitris\.m2\repository\net\sourceforge\htmlunit\htmlunit-core-js\2.28\htmlunit-core-js-2.28.jar;C:\Users\Dimitris\.m2\repository\net\sourceforge\htmlunit\neko-htmlunit\2.28\neko-htmlunit-2.28.jar;C:\Users\Dimitris\.m2\repository\org\apache\httpcomponents\httpclient\4.5.3\httpclient-4.5.3.jar;C:\Users\Dimitris\.m2\repository\org\apache\httpcomponents\httpcore\4.4.6\httpcore-4.4.6.jar;C:\Users\Dimitris\.m2\repository\org\apache\httpcomponents\httpmime\4.5.3\httpmime-4.5.3.jar;C:\Users\Dimitris\.m2\repository\net\jcip\jcip-annotations\1.0\jcip-annotations-1.0.jar;C:\Users\Dimitris\.m2\repository\org\seleniumhq\selenium\jetty-repacked\9.4.7.v20171121\jetty-repacked-9.4.7.v20171121.jar;C:\Users\Dimitris\.m2\repository\org\eclipse\jetty\jetty-client\9.4.7.v20170914\jetty-client-9.4.7.v20170914.jar;C:\Users\Dimitris\.m2\repository\org\eclipse\jetty\jetty-http\9.4.8.v20171121\jetty-http-9.4.8.v20171121.jar;C:\Users\Dimitris\.m2\repository\org\eclipse\jetty\jetty-io\9.4.8.v20171121\jetty-io-9.4.8.v20171121.jar;C:\Users\Dimitris\.m2\repository\org\eclipse\jetty\jetty-util\9.4.8.v20171121\jetty-util-9.4.8.v20171121.jar;C:\Users\Dimitris\.m2\repository\org\eclipse\jetty\jetty-xml\9.4.7.v20170914\jetty-xml-9.4.7.v20170914.jar;C:\Users\Dimitris\.m2\repository\com\squareup\okhttp3\okhttp\3.9.1\okhttp-3.9.1.jar;C:\Users\Dimitris\.m2\repository\com\squareup\okio\okio\1.13.0\okio-1.13.0.jar;C:\Users\Dimitris\.m2\repository\org\seleniumhq\selenium\htmlunit-driver\2.29.0\htmlunit-driver-2.29.0.jar;C:\Users\Dimitris\.m2\repository\javax\servlet\javax.servlet-api\3.1.0\javax.servlet-api-3.1.0.jar;C:\Users\Dimitris\.m2\repository\org\eclipse\jetty\websocket\websocket-api\9.4.7.v20170914\websocket-api-9.4.7.v20170914.jar;C:\Users\Dimitris\.m2\repository\org\eclipse\jetty\websocket\websocket-client\9.4.7.v20170914\websocket-client-9.4.7.v20170914.jar;C:\Users\Dimitris\.m2\repository\org\eclipse\jetty\websocket\websocket-common\9.4.7.v20170914\websocket-common-9.4.7.v20170914.jar;C:\Users\Dimitris\.m2\repository\xalan\serializer\2.7.2\serializer-2.7.2.jar;C:\Users\Dimitris\.m2\repository\xalan\xalan\2.7.2\xalan-2.7.2.jar;C:\Users\Dimitris\.m2\repository\xerces\xercesImpl\2.11.0\xercesImpl-2.11.0.jar;C:\Users\Dimitris\.m2\repository\xml-apis\xml-apis\1.4.01\xml-apis-1.4.01.jar;C:\Users\Dimitris\.m2\repository\org\yaml\snakeyaml\1.19\snakeyaml-1.19.jar;C:\Users\Dimitris\.m2\repository\info\cukes\cucumber-junit\1.2.5\cucumber-junit-1.2.5.jar;C:\Users\Dimitris\.m2\repository\info\cukes\cucumber-core\1.2.5\cucumber-core-1.2.5.jar;C:\Users\Dimitris\.m2\repository\info\cukes\cucumber-html\0.2.3\cucumber-html-0.2.3.jar;C:\Users\Dimitris\.m2\repository\info\cukes\gherkin\2.12.2\gherkin-2.12.2.jar;C:\Users\Dimitris\.m2\repository\info\cukes\cucumber-java\1.2.5\cucumber-java-1.2.5.jar;C:\Users\Dimitris\.m2\repository\info\cukes\cucumber-jvm-deps\1.0.5\cucumber-jvm-deps-1.0.5.jar;C:\Users\Dimitris\.m2\repository\org\seleniumhq\selenium\selenium-api\3.12.0\selenium-api-3.12.0.jar;C:\Users\Dimitris\.m2\repository\org\seleniumhq\selenium\selenium-support\3.12.0\selenium-support-3.12.0.jar;C:\Users\Dimitris\.m2\repository\com\codeborne\phantomjsdriver\1.2.1\phantomjsdriver-1.2.1.jar;"/>
    <property name="java.vm.vendor" value="Oracle Corporation"/>
    <property name="sun.arch.data.model" value="64"/>
    <property name="user.variant" value=""/>
    <property name="java.vendor.url" value="http://java.oracle.com/"/>
    <property name="user.timezone" value=""/>
    <property name="java.vm.specification.version" value="1.8"/>
    <property name="os.name" value="Windows 10"/>
    <property name="user.country" value="US"/>
    <property name="sun.java.launcher" value="SUN_STANDARD"/>
    <property name="sun.boot.library.path" value="C:\Program Files\Java\jdk1.8.0_191\jre\bin"/>
    <property name="sun.java.command" value="C:\Users\Dimitris\AppData\Local\Temp\surefire8868483579762722340\surefirebooter8346838225063931988.jar C:\Users\Dimitris\AppData\Local\Temp\surefire8868483579762722340 2020-01-30T21-52-11_628-jvmRun1 surefire8767053083919727828tmp surefire_06016702682425176917tmp"/>
    <property name="surefire.test.class.path" value="C:\java_projects\Pandora_v1.1\target\test-classes;C:\java_projects\Pandora_v1.1\target\classes;C:\Users\Dimitris\.m2\repository\junit\junit\4.12\junit-4.12.jar;C:\Users\Dimitris\.m2\repository\org\hamcrest\hamcrest-core\1.3\hamcrest-core-1.3.jar;C:\Users\Dimitris\.m2\repository\org\seleniumhq\selenium\selenium-server\3.12.0\selenium-server-3.12.0.jar;C:\Users\Dimitris\.m2\repository\org\seleniumhq\selenium\selenium-java\3.12.0\selenium-java-3.12.0.jar;C:\Users\Dimitris\.m2\repository\org\seleniumhq\selenium\selenium-chrome-driver\3.12.0\selenium-chrome-driver-3.12.0.jar;C:\Users\Dimitris\.m2\repository\org\seleniumhq\selenium\selenium-edge-driver\3.12.0\selenium-edge-driver-3.12.0.jar;C:\Users\Dimitris\.m2\repository\org\seleniumhq\selenium\selenium-firefox-driver\3.12.0\selenium-firefox-driver-3.12.0.jar;C:\Users\Dimitris\.m2\repository\org\seleniumhq\selenium\selenium-ie-driver\3.12.0\selenium-ie-driver-3.12.0.jar;C:\Users\Dimitris\.m2\repository\org\seleniumhq\selenium\selenium-opera-driver\3.12.0\selenium-opera-driver-3.12.0.jar;C:\Users\Dimitris\.m2\repository\org\seleniumhq\selenium\selenium-remote-driver\3.12.0\selenium-remote-driver-3.12.0.jar;C:\Users\Dimitris\.m2\repository\org\seleniumhq\selenium\selenium-safari-driver\3.12.0\selenium-safari-driver-3.12.0.jar;C:\Users\Dimitris\.m2\repository\com\beust\jcommander\1.72\jcommander-1.72.jar;C:\Users\Dimitris\.m2\repository\net\bytebuddy\byte-buddy\1.8.3\byte-buddy-1.8.3.jar;C:\Users\Dimitris\.m2\repository\org\apache\commons\commons-exec\1.3\commons-exec-1.3.jar;C:\Users\Dimitris\.m2\repository\org\apache\commons\commons-lang3\3.7\commons-lang3-3.7.jar;C:\Users\Dimitris\.m2\repository\org\apache\commons\commons-text\1.1\commons-text-1.1.jar;C:\Users\Dimitris\.m2\repository\commons-codec\commons-codec\1.10\commons-codec-1.10.jar;C:\Users\Dimitris\.m2\repository\commons-io\commons-io\2.6\commons-io-2.6.jar;C:\Users\Dimitris\.m2\repository\commons-logging\commons-logging\1.2\commons-logging-1.2.jar;C:\Users\Dimitris\.m2\repository\commons-net\commons-net\3.6\commons-net-3.6.jar;C:\Users\Dimitris\.m2\repository\org\w3c\css\sac\1.3\sac-1.3.jar;C:\Users\Dimitris\.m2\repository\net\sourceforge\cssparser\cssparser\0.9.24\cssparser-0.9.24.jar;C:\Users\Dimitris\.m2\repository\com\google\code\gson\gson\2.8.2\gson-2.8.2.jar;C:\Users\Dimitris\.m2\repository\com\google\guava\guava\23.6-jre\guava-23.6-jre.jar;C:\Users\Dimitris\.m2\repository\com\google\code\findbugs\jsr305\1.3.9\jsr305-1.3.9.jar;C:\Users\Dimitris\.m2\repository\org\checkerframework\checker-compat-qual\2.0.0\checker-compat-qual-2.0.0.jar;C:\Users\Dimitris\.m2\repository\com\google\errorprone\error_prone_annotations\2.1.3\error_prone_annotations-2.1.3.jar;C:\Users\Dimitris\.m2\repository\com\google\j2objc\j2objc-annotations\1.1\j2objc-annotations-1.1.jar;C:\Users\Dimitris\.m2\repository\org\codehaus\mojo\animal-sniffer-annotations\1.14\animal-sniffer-annotations-1.14.jar;C:\Users\Dimitris\.m2\repository\net\sourceforge\htmlunit\htmlunit\2.29\htmlunit-2.29.jar;C:\Users\Dimitris\.m2\repository\net\sourceforge\htmlunit\htmlunit-core-js\2.28\htmlunit-core-js-2.28.jar;C:\Users\Dimitris\.m2\repository\net\sourceforge\htmlunit\neko-htmlunit\2.28\neko-htmlunit-2.28.jar;C:\Users\Dimitris\.m2\repository\org\apache\httpcomponents\httpclient\4.5.3\httpclient-4.5.3.jar;C:\Users\Dimitris\.m2\repository\org\apache\httpcomponents\httpcore\4.4.6\httpcore-4.4.6.jar;C:\Users\Dimitris\.m2\repository\org\apache\httpcomponents\httpmime\4.5.3\httpmime-4.5.3.jar;C:\Users\Dimitris\.m2\repository\net\jcip\jcip-annotations\1.0\jcip-annotations-1.0.jar;C:\Users\Dimitris\.m2\repository\org\seleniumhq\selenium\jetty-repacked\9.4.7.v20171121\jetty-repacked-9.4.7.v20171121.jar;C:\Users\Dimitris\.m2\repository\org\eclipse\jetty\jetty-client\9.4.7.v20170914\jetty-client-9.4.7.v20170914.jar;C:\Users\Dimitris\.m2\repository\org\eclipse\jetty\jetty-http\9.4.8.v20171121\jetty-http-9.4.8.v20171121.jar;C:\Users\Dimitris\.m2\repository\org\eclipse\jetty\jetty-io\9.4.8.v20171121\jetty-io-9.4.8.v20171121.jar;C:\Users\Dimitris\.m2\repository\org\eclipse\jetty\jetty-util\9.4.8.v20171121\jetty-util-9.4.8.v20171121.jar;C:\Users\Dimitris\.m2\repository\org\eclipse\jetty\jetty-xml\9.4.7.v20170914\jetty-xml-9.4.7.v20170914.jar;C:\Users\Dimitris\.m2\repository\com\squareup\okhttp3\okhttp\3.9.1\okhttp-3.9.1.jar;C:\Users\Dimitris\.m2\repository\com\squareup\okio\okio\1.13.0\okio-1.13.0.jar;C:\Users\Dimitris\.m2\repository\org\seleniumhq\selenium\htmlunit-driver\2.29.0\htmlunit-driver-2.29.0.jar;C:\Users\Dimitris\.m2\repository\javax\servlet\javax.servlet-api\3.1.0\javax.servlet-api-3.1.0.jar;C:\Users\Dimitris\.m2\repository\org\eclipse\jetty\websocket\websocket-api\9.4.7.v20170914\websocket-api-9.4.7.v20170914.jar;C:\Users\Dimitris\.m2\repository\org\eclipse\jetty\websocket\websocket-client\9.4.7.v20170914\websocket-client-9.4.7.v20170914.jar;C:\Users\Dimitris\.m2\repository\org\eclipse\jetty\websocket\websocket-common\9.4.7.v20170914\websocket-common-9.4.7.v20170914.jar;C:\Users\Dimitris\.m2\repository\xalan\serializer\2.7.2\serializer-2.7.2.jar;C:\Users\Dimitris\.m2\repository\xalan\xalan\2.7.2\xalan-2.7.2.jar;C:\Users\Dimitris\.m2\repository\xerces\xercesImpl\2.11.0\xercesImpl-2.11.0.jar;C:\Users\Dimitris\.m2\repository\xml-apis\xml-apis\1.4.01\xml-apis-1.4.01.jar;C:\Users\Dimitris\.m2\repository\org\yaml\snakeyaml\1.19\snakeyaml-1.19.jar;C:\Users\Dimitris\.m2\repository\info\cukes\cucumber-junit\1.2.5\cucumber-junit-1.2.5.jar;C:\Users\Dimitris\.m2\repository\info\cukes\cucumber-core\1.2.5\cucumber-core-1.2.5.jar;C:\Users\Dimitris\.m2\repository\info\cukes\cucumber-html\0.2.3\cucumber-html-0.2.3.jar;C:\Users\Dimitris\.m2\repository\info\cukes\gherkin\2.12.2\gherkin-2.12.2.jar;C:\Users\Dimitris\.m2\repository\info\cukes\cucumber-java\1.2.5\cucumber-java-1.2.5.jar;C:\Users\Dimitris\.m2\repository\info\cukes\cucumber-jvm-deps\1.0.5\cucumber-jvm-deps-1.0.5.jar;C:\Users\Dimitris\.m2\repository\org\seleniumhq\selenium\selenium-api\3.12.0\selenium-api-3.12.0.jar;C:\Users\Dimitris\.m2\repository\org\seleniumhq\selenium\selenium-support\3.12.0\selenium-support-3.12.0.jar;C:\Users\Dimitris\.m2\repository\com\codeborne\phantomjsdriver\1.2.1\phantomjsdriver-1.2.1.jar;"/>
    <property name="sun.cpu.endian" value="little"/>
    <property name="user.home" value="C:\Users\Dimitris"/>
    <property name="user.language" value="en"/>
    <property name="java.specification.vendor" value="Oracle Corporation"/>
    <property name="java.home" value="C:\Program Files\Java\jdk1.8.0_191\jre"/>
    <property name="basedir" value="C:\java_projects\Pandora_v1.1"/>
    <property name="file.separator" value="\"/>
    <property name="line.separator" value="&#10;"/>
    <property name="java.vm.specification.vendor" value="Oracle Corporation"/>
    <property name="java.specification.name" value="Java Platform API Specification"/>
    <property name="java.awt.graphicsenv" value="sun.awt.Win32GraphicsEnvironment"/>
    <property name="surefire.real.class.path" value="C:\Users\Dimitris\AppData\Local\Temp\surefire8868483579762722340\surefirebooter8346838225063931988.jar"/>
    <property name="sun.boot.class.path" value="C:\Program Files\Java\jdk1.8.0_191\jre\lib\resources.jar;C:\Program Files\Java\jdk1.8.0_191\jre\lib\rt.jar;C:\Program Files\Java\jdk1.8.0_191\jre\lib\sunrsasign.jar;C:\Program Files\Java\jdk1.8.0_191\jre\lib\jsse.jar;C:\Program Files\Java\jdk1.8.0_191\jre\lib\jce.jar;C:\Program Files\Java\jdk1.8.0_191\jre\lib\charsets.jar;C:\Program Files\Java\jdk1.8.0_191\jre\lib\jfr.jar;C:\Program Files\Java\jdk1.8.0_191\jre\classes"/>
    <property name="user.script" value=""/>
    <property name="sun.management.compiler" value="HotSpot 64-Bit Tiered Compilers"/>
    <property name="java.runtime.version" value="1.8.0_191-b12"/>
    <property name="user.name" value="Dimitris"/>
    <property name="path.separator" value=";"/>
    <property name="os.version" value="10.0"/>
    <property name="java.endorsed.dirs" value="C:\Program Files\Java\jdk1.8.0_191\jre\lib\endorsed"/>
    <property name="java.runtime.name" value="Java(TM) SE Runtime Environment"/>
    <property name="file.encoding" value="Cp1252"/>
    <property name="java.vm.name" value="Java HotSpot(TM) 64-Bit Server VM"/>
    <property name="localRepository" value="C:\Users\Dimitris\.m2\repository"/>
    <property name="java.vendor.url.bug" value="http://bugreport.sun.com/bugreport/"/>
    <property name="java.io.tmpdir" value="C:\Users\Dimitris\AppData\Local\Temp\"/>
    <property name="idea.version" value="2018.3"/>
    <property name="java.version" value="1.8.0_191"/>
    <property name="user.dir" value="C:\java_projects\Pandora_v1.1"/>
    <property name="os.arch" value="amd64"/>
    <property name="java.vm.specification.name" value="Java Virtual Machine Specification"/>
    <property name="java.awt.printerjob" value="sun.awt.windows.WPrinterJob"/>
    <property name="sun.os.patch.level" value=""/>
    <property name="java.library.path" value="C:\Program Files\Java\jdk1.8.0_191\jre\bin;C:\WINDOWS\Sun\Java\bin;C:\WINDOWS\system32;C:\WINDOWS;C:\Program Files (x86)\Common Files\Oracle\Java\javapath;C:\WINDOWS\system32;C:\WINDOWS;C:\WINDOWS\System32\Wbem;C:\WINDOWS\System32\WindowsPowerShell\v1.0\;C:\Program Files\MATLAB\R2014a\runtime\win64;C:\Program Files\MATLAB\R2014a\bin;C:\Program Files\MATLAB\R2014a\polyspace\bin;C:\Program Files\Java\jdk1.8.0_191\bin;C:\PROGRA~2\Groovy\GROOVY~1.0\bin;C:\webdrivers\chromedriver_win32;C:\WINDOWS\System32\OpenSSH\;C:\webdrivers\geckodriver-v0.23.0-win64\geckodriver.exe;C:\Program Files\nodejs\;C:\Program Files\apache-maven-3.6.1\bin;C:\Program Files\PuTTY\;C:\Users\Dimitris\AppData\Local\Programs\Python\Python37\Scripts\;C:\Users\Dimitris\AppData\Local\Programs\Python\Python37\;C:\Users\Dimitris\AppData\Local\Microsoft\WindowsApps;;C:\Program Files\JetBrains\PyCharm Community Edition 2019.1\bin;;C:\Users\Dimitris\AppData\Roaming\npm;."/>
    <property name="java.vm.info" value="mixed mode"/>
    <property name="java.vendor" value="Oracle Corporation"/>
    <property name="java.vm.version" value="25.191-b12"/>
    <property name="java.ext.dirs" value="C:\Program Files\Java\jdk1.8.0_191\jre\lib\ext;C:\WINDOWS\Sun\Java\lib\ext"/>
    <property name="sun.io.unicode.encoding" value="UnicodeLittle"/>
    <property name="java.class.version" value="52.0"/>
  </properties>
  <testcase name="Given User is on Edibles page" classname="Scenario: Edit calories on Profile" time="0.002"/>
  <testcase name="When User is going on Profile page" classname="Scenario: Edit calories on Profile" time="0"/>
  <testcase name="Then User is updating his calories on &quot;2500&quot;" classname="Scenario: Edit calories on Profile" time="0"/>
  <testcase name="Scenario: Edit calories on Profile" classname="Scenario: Edit calories on Profile" time="0.741"/>
  <testcase name="Given User is on Edibles page" classname="Scenario: User can add records on Edibles" time="0"/>
  <testcase name="When User is adding first record with name &quot;pizza&quot;, &quot;1500&quot;, date &quot;01012021&quot; and time &quot;0301 1&quot;" classname="Scenario: User can add records on Edibles" time="0"/>
  <testcase name="And User is adding a second entry with name &quot;pasta&quot;, calories &quot;1400&quot;, date &quot;01012020&quot; and time &quot;0400 1&quot;" classname="Scenario: User can add records on Edibles" time="0.001"/>
  <testcase name="Then New entry is present on app" classname="Scenario: User can add records on Edibles" time="0"/>
  <testcase name="Scenario: User can add records on Edibles" classname="Scenario: User can add records on Edibles" time="0.716"/>
  <testcase name="Given User is on Edibles page" classname="Scenario: User can delete a record on Edibles" time="0"/>
  <testcase name="When User is deleting the first entry" classname="Scenario: User can delete a record on Edibles" time="0"/>
  <testcase name="Then Records should be updated" classname="Scenario: User can delete a record on Edibles" time="0"/>
  <testcase name="Scenario: User can delete a record on Edibles" classname="Scenario: User can delete a record on Edibles" time="0.761"/>
  <testcase name="Given User is on Edibles page" classname="Scenario: User can edit a record on Edibles" time="0"/>
  <testcase name="When User is updating calories on the first entry to &quot;2000&quot;" classname="Scenario: User can edit a record on Edibles" time="0"/>
  <testcase name="Then Thr entry is now updated" classname="Scenario: User can edit a record on Edibles" time="0"/>
  <testcase name="Scenario: User can edit a record on Edibles" classname="Scenario: User can edit a record on Edibles" time="0.713"/>
  <testcase name="Given User is on Edibles page" classname="Scenario: User can short records by date and time" time="0"/>
  <testcase name="When User is updating filter by date with the value &quot;001012021&quot;" classname="Scenario: User can short records by date and time" time="0.001"/>
  <testcase name="And User is updating filter by time with start time &quot;02 01&quot; and end time &quot;05 01&quot;" classname="Scenario: User can short records by date and time" time="0"/>
  <testcase name="Then Only records on 2021 are present on edibles" classname="Scenario: User can short records by date and time" time="0"/>
  <testcase name="Scenario: User can short records by date and time" classname="Scenario: User can short records by date and time" time="0.874"/>
  <testcase name="Given User is on Edibles page" classname="Scenario: Exceeded calories per day validation" time="0"/>
  <testcase name="When User is adding a second entry with name &quot;salad&quot; and calories &quot;4000&quot;" classname="Scenario: Exceeded calories per day validation" time="0"/>
  <testcase name="Then A validation message displayed" classname="Scenario: Exceeded calories per day validation" time="0"/>
  <testcase name="And User decries daily calories" classname="Scenario: Exceeded calories per day validation" time="0"/>
  <testcase name="Then Validation message is not displayed any more" classname="Scenario: Exceeded calories per day validation" time="0"/>
  <testcase name="And User is deleting the first entry" classname="Scenario: Exceeded calories per day validation" time="0"/>
  <testcase name="Scenario: Exceeded calories per day validation" classname="Scenario: Exceeded calories per day validation" time="0.718"/>
  <testcase name="Given User is on Login Page" classname="| 495alexd@example.com | 1234567 |" time="0"/>
  <testcase name="When User is logging in with credentials, email &quot;495alexd@example.com&quot; and password &quot;1234567&quot;" classname="| 495alexd@example.com | 1234567 |" time="0"/>
  <testcase name="Then User now should not logged in on Calc" classname="| 495alexd@example.com | 1234567 |" time="0"/>
  <testcase name="| 495alexd@example.com | 1234567 |" classname="| 495alexd@example.com | 1234567 |" time="0.723"/>
  <testcase name="Given User is on Login Page" classname="| 495alexd@example.com |  |" time="0"/>
  <testcase name="When User is logging in with credentials, email &quot;495alexd@example.com&quot; and password &quot;&quot;" classname="| 495alexd@example.com |  |" time="0"/>
  <testcase name="Then User now should not logged in on Calc" classname="| 495alexd@example.com |  |" time="0"/>
  <testcase name="| 495alexd@example.com |  |" classname="| 495alexd@example.com |  |" time="0.731"/>
  <testcase name="Given User is on Login Page" classname="|  | 123456789 |" time="0"/>
  <testcase name="When User is logging in with credentials, email &quot;&quot; and password &quot;123456789&quot;" classname="|  | 123456789 |" time="0"/>
  <testcase name="Then User now should not logged in on Calc" classname="|  | 123456789 |" time="0"/>
  <testcase name="|  | 123456789 |" classname="|  | 123456789 |" time="0.728"/>
  <testcase name="Given User is on Login Page" classname="| 495alexd@example.gr | 123456789 |" time="0"/>
  <testcase name="When User is logging in with credentials, email &quot;495alexd@example.gr&quot; and password &quot;123456789&quot;" classname="| 495alexd@example.gr | 123456789 |" time="0"/>
  <testcase name="Then User now should not logged in on Calc" classname="| 495alexd@example.gr | 123456789 |" time="0"/>
  <testcase name="| 495alexd@example.gr | 123456789 |" classname="| 495alexd@example.gr | 123456789 |" time="0.723"/>
  <testcase name="Given User is on Login Page" classname="Scenario: Login to the portal with correct un, psw" time="0"/>
  <testcase name="When User is logging in with correct credentials, email &quot;495alexd@example.com&quot; and password &quot;123456789&quot;" classname="Scenario: Login to the portal with correct un, psw" time="0"/>
  <testcase name="Then User now is logged in on Calc" classname="Scenario: Login to the portal with correct un, psw" time="0"/>
  <testcase name="Scenario: Login to the portal with correct un, psw" classname="Scenario: Login to the portal with correct un, psw" time="1.084"/>
  <testcase name="Given User is on Login Page" classname="Scenario: Login and Logout to the portal with correct un, psw" time="0"/>
  <testcase name="When User is logging in with correct credentials, email &quot;495alexd@example.com&quot; and password &quot;123456789&quot;" classname="Scenario: Login and Logout to the portal with correct un, psw" time="0"/>
  <testcase name="Then User now is logged in on Calc" classname="Scenario: Login and Logout to the portal with correct un, psw" time="0"/>
  <testcase name="Then User now is logged in on Calc" classname="Scenario: Login and Logout to the portal with correct un, psw" time="0"/>
  <testcase name="And User is logging out from Calc page" classname="Scenario: Login and Logout to the portal with correct un, psw" time="0"/>
  <testcase name="And User is on Login Page" classname="Scenario: Login and Logout to the portal with correct un, psw" time="0"/>
  <testcase name="And User is logging in with correct credentials, email &quot;495alexd@example.com&quot; and password &quot;123456789&quot;" classname="Scenario: Login and Logout to the portal with correct un, psw" time="0"/>
  <testcase name="Scenario: Login and Logout to the portal with correct un, psw" classname="Scenario: Login and Logout to the portal with correct un, psw" time="0.72"/>
  <testcase name="Given User is on Create account page" classname="Scenario: Registration on the portal with valid values" time="0"/>
  <testcase name="When User register with name &quot;Dimitris Alex&quot; password &quot;123456789&quot; and mail &quot;AlexD@example.com&quot;" classname="Scenario: Registration on the portal with valid values" time="0"/>
  <testcase name="Then User should successfully be registered" classname="Scenario: Registration on the portal with valid values" time="0"/>
  <testcase name="Scenario: Registration on the portal with valid values" classname="Scenario: Registration on the portal with valid values" time="0.93"/>
  <testcase name="Given User is on Create account page" classname="Scenario: Registration on the portal with existing user email" time="0"/>
  <testcase name="When User register with name &quot;Dimitris Alex&quot; password &quot;123456789&quot; and existing mail &quot;494alexd@example.com&quot;" classname="Scenario: Registration on the portal with existing user email" time="0"/>
  <testcase name="Then User should not successfully be registered" classname="Scenario: Registration on the portal with existing user email" time="0"/>
  <testcase name="Scenario: Registration on the portal with existing user email" classname="Scenario: Registration on the portal with existing user email" time="0.726"/>
  <testcase name="Given User is on Create account page" classname="| Dimitris Alex | 123456789 |  |" time="0"/>
  <testcase name="When User register with name &quot;Dimitris Alex&quot; password &quot;123456789&quot; and existing mail &quot;&quot;" classname="| Dimitris Alex | 123456789 |  |" time="0"/>
  <testcase name="Then User should not successfully be registered" classname="| Dimitris Alex | 123456789 |  |" time="0"/>
  <testcase name="| Dimitris Alex | 123456789 |  |" classname="| Dimitris Alex | 123456789 |  |" time="0.707"/>
  <testcase name="Given User is on Create account page" classname="| Dimitris Alex |  | 494alexd@example.com |" time="0"/>
  <testcase name="When User register with name &quot;Dimitris Alex&quot; password &quot;&quot; and existing mail &quot;494alexd@example.com&quot;" classname="| Dimitris Alex |  | 494alexd@example.com |" time="0"/>
  <testcase name="Then User should not successfully be registered" classname="| Dimitris Alex |  | 494alexd@example.com |" time="0"/>
  <testcase name="| Dimitris Alex |  | 494alexd@example.com |" classname="| Dimitris Alex |  | 494alexd@example.com |" time="0.718"/>
  <testcase name="Given User is on Create account page" classname="|  | 123456789 | 494alexd@example.com |" time="0"/>
  <testcase name="When User register with name &quot;&quot; password &quot;123456789&quot; and existing mail &quot;494alexd@example.com&quot;" classname="|  | 123456789 | 494alexd@example.com |" time="0"/>
  <testcase name="Then User should not successfully be registered" classname="|  | 123456789 | 494alexd@example.com |" time="0"/>
  <testcase name="|  | 123456789 | 494alexd@example.com |" classname="|  | 123456789 | 494alexd@example.com |" time="0.736"/>
  <testcase name="Given User is on Create account page" classname="Scenario: From Registration page user is going to login page" time="0"/>
  <testcase name="When User is selecting Login button" classname="Scenario: From Registration page user is going to login page" time="0"/>
  <testcase name="Then Is successfully redirected on Login page" classname="Scenario: From Registration page user is going to login page" time="0"/>
  <testcase name="Scenario: From Registration page user is going to login page" classname="Scenario: From Registration page user is going to login page" time="0.724"/>
</testsuite>